<?xml version="1.0" encoding="UTF-8"?>
<!-- Generated by org.testng.reporters.JUnitXMLReporter -->
<testsuite hostname="Anas-Air" ignored="0" name="Command line test" tests="3" failures="1" timestamp="11 Mar 2018 21:01:45 GMT" time="143.955" errors="0">
  <testcase name="draftTest" time="52.888" classname="com.epam.project.EmailTest"/>
  <testcase name="sentTest" time="11.346" classname="com.epam.project.EmailTest"/>
  <testcase name="testLogIn" time="0.117" classname="com.epam.project.EmailTest">
    <failure type="java.lang.AssertionError" message="log in wasn&amp;apos;t successfull expected [false] but found [true]">
      <![CDATA[java.lang.AssertionError: log in wasn't successfull expected [false] but found [true]at com.epam.project.Asserts.EmailAssert.checkSuccessfullLogIn(EmailAssert.java:21)at com.epam.project.EmailTest.testLogIn(EmailTest.java:15)... Removed 38 stack frames]]>
    </failure>
  </testcase> <!-- testLogIn -->
</testsuite> <!-- Command line test -->
