<?xml version="1.0" encoding="UTF-8" ?>
<testsuite tests="3" failures="1" name="TestSuite" time="144.426" errors="0" skipped="0">
  <properties>
[...]
</properties>
  <testcase classname="com.epam.project.EmailTest" name="draftTest" time="52.888"/>
  <testcase classname="com.epam.project.EmailTest" name="sentTest" time="11.347"/>
  <testcase classname="com.epam.project.EmailTest" name="testLogIn" time="0.121">
    <failure message="log in wasn&apos;t successfull expected [false] but found [true]" type="java.lang.AssertionError">java.lang.AssertionError: log in wasn&apos;t successfull expected [false] but found [true]
	at org.testng.Assert.fail(Assert.java:96)
	at org.testng.Assert.failNotEquals(Assert.java:776)
	at org.testng.Assert.assertFalse(Assert.java:65)
	at com.epam.project.Asserts.EmailAssert.checkSuccessfullLogIn(EmailAssert.java:21)
	at com.epam.project.EmailTest.testLogIn(EmailTest.java:15)
</failure>
    <system-out>2018-03-12 00:00:36 INFO  Page:16 - click on janekasimova
2018-03-12 00:00:37 INFO  Page:16 - click on ?????
2018-03-12 00:00:59 WARN  Page:41 - cannot unhighlight element
2018-03-12 00:00:59 INFO  Page:61 - finish test
2018-03-12 00:00:59 INFO  Page:49 - start test 
2018-03-12 00:00:59 INFO  Page:51 - navigate to https://yandex.ru/
2018-03-12 00:01:00 INFO  Page:20 - input janekasimova
2018-03-12 00:01:00 INFO  Page:20 - input Qwerty123456
2018-03-12 00:01:00 INFO  Page:16 - click on ?????
2018-03-12 00:01:22 WARN  Page:41 - cannot unhighlight element
2018-03-12 00:01:22 INFO  Page:23 - ???????? is displayed true
</system-out>
  </testcase>
</testsuite>